Using pre-set license
Built from '2020.2/release' branch; Version is '2020.2.2f1 (068178b99f32) revision 426360'; Using compiler version '192528614'; Build Type 'Release'
OS: 'Windows 10 Home; OS build 19042.928; Version 2009; 64bit' Language: 'en' Physical Memory: 16196 MB
BatchMode: 1, IsHumanControllingUs: 0, StartBugReporterOnCrash: 0, Is64bit: 1, IsPro: 0

 COMMAND LINE ARGUMENTS:
C:\Program Files\Unity\Hub\Editor\2020.2.2f1\Editor\Unity.exe
-adb2
-batchMode
-noUpm
-name
AssetImportWorker0
-projectPath
C:/Users/crmdo/OneDrive/Desktop/2021 Diploma/Github/Effects-Fluid-Sim
-logFile
Logs/AssetImportWorker0.log
-srvPort
58958
Successfully changed project path to: C:/Users/crmdo/OneDrive/Desktop/2021 Diploma/Github/Effects-Fluid-Sim
C:/Users/crmdo/OneDrive/Desktop/2021 Diploma/Github/Effects-Fluid-Sim
Using Asset Import Pipeline V2.
Refreshing native plugins compatible for Editor in 25.20 ms, found 9 plugins.
Preloading 0 native plugins for Editor in 0.00 ms.
Initialize engine version: 2020.2.2f1 (068178b99f32)
[Subsystems] Discovering subsystems at path C:/Program Files/Unity/Hub/Editor/2020.2.2f1/Editor/Data/Resources/UnitySubsystems
[Subsystems] Discovering subsystems at path C:/Users/crmdo/OneDrive/Desktop/2021 Diploma/Github/Effects-Fluid-Sim/Assets
GfxDevice: creating device client; threaded=0
Direct3D:
    Version:  Direct3D 11.0 [level 11.1]
    Renderer: NVIDIA GeForce GTX 1660 Ti (ID=0x2191)
    Vendor:   
    VRAM:     5991 MB
    Driver:   27.21.14.5771
Initialize mono
Mono path[0] = 'C:/Program Files/Unity/Hub/Editor/2020.2.2f1/Editor/Data/Managed'
Mono path[1] = 'C:/Program Files/Unity/Hub/Editor/2020.2.2f1/Editor/Data/MonoBleedingEdge/lib/mono/unityjit'
Mono config path = 'C:/Program Files/Unity/Hub/Editor/2020.2.2f1/Editor/Data/MonoBleedingEdge/etc'
Using monoOptions --debugger-agent=transport=dt_socket,embedding=1,server=y,suspend=n,address=127.0.0.1:56612
Begin MonoManager ReloadAssembly
Registering precompiled unity dll's ...
Register platform support module: C:/Program Files/Unity/Hub/Editor/2020.2.2f1/Editor/Data/PlaybackEngines/WindowsStandaloneSupport/UnityEditor.WindowsStandalone.Extensions.dll
Registered in 0.001732 seconds.
Native extension for WindowsStandalone target not found
Refreshing native plugins compatible for Editor in 33.13 ms, found 9 plugins.
Preloading 0 native plugins for Editor in 0.00 ms.
Invoked RoslynAnalysisRunner static constructor.
RoslynAnalysisRunner will not be running.
RoslynAnalysisRunner has terminated.
Mono: successfully reloaded assembly
- Completed reload, in  1.142 seconds
Platform modules already initialized, skipping
Registering precompiled user dll's ...
Registered in 0.001907 seconds.
Begin MonoManager ReloadAssembly
Native extension for WindowsStandalone target not found
Refreshing native plugins compatible for Editor in 0.30 ms, found 9 plugins.
Preloading 0 native plugins for Editor in 0.00 ms.
Invoked RoslynAnalysisRunner static constructor.
RoslynAnalysisRunner will not be running.
RoslynAnalysisRunner has terminated.
Mono: successfully reloaded assembly
- Completed reload, in  0.780 seconds
Platform modules already initialized, skipping
========================================================================
Worker process is ready to serve import requests
Launched and connected shader compiler UnityShaderCompiler.exe after 0.04 seconds
Refreshing native plugins compatible for Editor in 0.33 ms, found 9 plugins.
Preloading 0 native plugins for Editor in 0.00 ms.
Unloading 1169 Unused Serialized files (Serialized files now loaded: 0)
System memory in use before: 62.1 MB.
System memory in use after: 62.2 MB.

Unloading 18 unused Assets to reduce memory usage. Loaded Objects now: 1603.
Total: 1.556300 ms (FindLiveObjects: 0.147000 ms CreateObjectMapping: 0.044800 ms MarkObjects: 1.299600 ms  DeleteObjects: 0.064000 ms)

========================================================================
Received Import Request.
  path: Assets/BRP-Shaders/Fluid
  artifactKey: Guid(435386067bc513342bd20d52636b38ec) Importer(815301076,1909f56bfc062723c751e8b465ee728b)
Start importing Assets/BRP-Shaders/Fluid using Guid(435386067bc513342bd20d52636b38ec) Importer(815301076,1909f56bfc062723c751e8b465ee728b)  -> (artifact id: '9862d864a17befa6a20df14fafc9fd8a') in 0.006855 seconds
  Import took 0.008553 seconds .

========================================================================
Received Import Request.
  Time since last request: 0.000169 seconds.
  path: Assets/BRP-Shaders/Fluid/FlexSourceAsset.asset
  artifactKey: Guid(58122ca244fd523478c59ba859705419) Importer(815301076,1909f56bfc062723c751e8b465ee728b)
Start importing Assets/BRP-Shaders/Fluid/FlexSourceAsset.asset using Guid(58122ca244fd523478c59ba859705419) Importer(815301076,1909f56bfc062723c751e8b465ee728b)  -> (artifact id: '8bf75289aa55efbd1d887ad3c04de4d7') in 0.032042 seconds
  Import took 0.033571 seconds .

========================================================================
Received Import Request.
  Time since last request: 0.000167 seconds.
  path: Assets/BRP-Shaders/Fluid/FlexArrayAsset.asset
  artifactKey: Guid(587d5bd7f6f7b4648ac6d15c40686b73) Importer(815301076,1909f56bfc062723c751e8b465ee728b)
Start importing Assets/BRP-Shaders/Fluid/FlexArrayAsset.asset using Guid(587d5bd7f6f7b4648ac6d15c40686b73) Importer(815301076,1909f56bfc062723c751e8b465ee728b)  -> (artifact id: '631b6bef06d63556ddaf7eb6ef0ecdc0') in 0.008445 seconds
  Import took 0.009992 seconds .

========================================================================
Received Import Request.
  Time since last request: 0.000151 seconds.
  path: Assets/NVIDIA
  artifactKey: Guid(d11f237dc70f7224c951a0a47a2e5e09) Importer(815301076,1909f56bfc062723c751e8b465ee728b)
Start importing Assets/NVIDIA using Guid(d11f237dc70f7224c951a0a47a2e5e09) Importer(815301076,1909f56bfc062723c751e8b465ee728b)  -> (artifact id: 'af725fc158711c62d8ff22b2a308e7f6') in 0.004995 seconds
  Import took 0.006495 seconds .

========================================================================
Received Import Request.
  Time since last request: 0.000166 seconds.
  path: Assets/BRP-Shaders/Fluid/FlexContainer.asset
  artifactKey: Guid(6393aaa74a3679c4b96c28899e5a1a20) Importer(815301076,1909f56bfc062723c751e8b465ee728b)
Start importing Assets/BRP-Shaders/Fluid/FlexContainer.asset using Guid(6393aaa74a3679c4b96c28899e5a1a20) Importer(815301076,1909f56bfc062723c751e8b465ee728b)  -> (artifact id: '7de2655a5c6602af087bc824066370ca') in 0.009055 seconds
  Import took 0.010839 seconds .

========================================================================
Received Import Request.
  Time since last request: 0.366470 seconds.
  path: Assets/BRP-Shaders/Fluid/SampleScene.unity
  artifactKey: Guid(9fc0d4010bbf28b4594072e72b8655ab) Importer(815301076,1909f56bfc062723c751e8b465ee728b)
Start importing Assets/BRP-Shaders/Fluid/SampleScene.unity using Guid(9fc0d4010bbf28b4594072e72b8655ab) Importer(815301076,1909f56bfc062723c751e8b465ee728b)  -> (artifact id: 'e19aeafa1d1f99ef0fbe7f53de736acf') in 0.005857 seconds
  Import took 0.007543 seconds .

========================================================================
Received Import Request.
  Time since last request: 0.007086 seconds.
  path: Assets/BRP-Shaders/Fluid/SampleScene.unity
  artifactKey: Guid(9fc0d4010bbf28b4594072e72b8655ab) Importer(815301076,1909f56bfc062723c751e8b465ee728b)
Start importing Assets/BRP-Shaders/Fluid/SampleScene.unity using Guid(9fc0d4010bbf28b4594072e72b8655ab) Importer(815301076,1909f56bfc062723c751e8b465ee728b)  -> (artifact id: 'e19aeafa1d1f99ef0fbe7f53de736acf') in 0.002211 seconds
  Import took 0.003990 seconds .

========================================================================
Received Prepare
Refreshing native plugins compatible for Editor in 6.87 ms, found 9 plugins.
Preloading 0 native plugins for Editor in 0.00 ms.
Unloading 11 Unused Serialized files (Serialized files now loaded: 0)
System memory in use before: 38.8 MB.
System memory in use after: 39.0 MB.

Unloading 11 unused Assets to reduce memory usage. Loaded Objects now: 1605.
Total: 2.042300 ms (FindLiveObjects: 0.193700 ms CreateObjectMapping: 0.055900 ms MarkObjects: 1.773900 ms  DeleteObjects: 0.016500 ms)

========================================================================
Received Prepare
Refreshing native plugins compatible for Editor in 6.16 ms, found 9 plugins.
Preloading 0 native plugins for Editor in 0.00 ms.
Unloading 11 Unused Serialized files (Serialized files now loaded: 0)
System memory in use before: 39.2 MB.
System memory in use after: 39.3 MB.

Unloading 11 unused Assets to reduce memory usage. Loaded Objects now: 1605.
Total: 4.155100 ms (FindLiveObjects: 0.220700 ms CreateObjectMapping: 0.072500 ms MarkObjects: 3.838000 ms  DeleteObjects: 0.021500 ms)

========================================================================
Received Prepare
Refreshing native plugins compatible for Editor in 3.66 ms, found 9 plugins.
Preloading 0 native plugins for Editor in 0.00 ms.
Unloading 11 Unused Serialized files (Serialized files now loaded: 0)
System memory in use before: 39.2 MB.
System memory in use after: 39.3 MB.

Unloading 11 unused Assets to reduce memory usage. Loaded Objects now: 1605.
Total: 3.490600 ms (FindLiveObjects: 0.288500 ms CreateObjectMapping: 0.076800 ms MarkObjects: 3.101300 ms  DeleteObjects: 0.021600 ms)

AssetImportWorkerClient::OnTransportError - code=2 error=End of file
